#
# A fatal error has been detected by the Java Runtime Environment:
#
#  EXCEPTION_ACCESS_VIOLATION (0xc0000005) at pc=0x000000005447584a, pid=16860, tid=0x00000000000030bc
#
# JRE version: Java(TM) SE Runtime Environment (8.0_144-b01) (build 1.8.0_144-b01)
# Java VM: Java HotSpot(TM) 64-Bit Server VM (25.144-b01 mixed mode windows-amd64 compressed oops)
# Problematic frame:
# C  [glass.dll+0x2584a]
#
# Failed to write core dump. Minidumps are not enabled by default on client versions of Windows
#
# If you would like to submit a bug report, please visit:
#   http://bugreport.java.com/bugreport/crash.jsp
#

---------------  T H R E A D  ---------------

Current thread (0x0000000017649800):  VMThread [stack: 0x0000000019320000,0x0000000019420000] [id=12476]

siginfo: ExceptionCode=0xc0000005, reading address 0x0000000000000000

Registers:
RAX=0x0000000000000000, RBX=0x000000001a761228, RCX=0x0000000017649800, RDX=0x000000001a761228
RSP=0x000000001941efe0, RBP=0x0000000000758b40, RSI=0x0000000000000001, RDI=0x0000000000000000
R8 =0x0000000000010002, R9 =0x0000000000000001, R10=0x0000000000008000, R11=0x000000001941ef40
R12=0x0000000000758b70, R13=0x0000000000758b40, R14=0x0000000000758b50, R15=0x0000000000000000
RIP=0x000000005447584a, EFLAGS=0x0000000000010206

Top of Stack: (sp=0x000000001941efe0)
0x000000001941efe0:   0000000000000000 0000000054475900
0x000000001941eff0:   0000000000000001 00000000544891b0
0x000000001941f000:   0000000054475830 0000000054473224
0x000000001941f010:   0000000054475a60 00007ffb7ae04f93
0x000000001941f020:   0000000000000000 00000000218022e0
0x000000001941f030:   0000000000000001 0000000054450000
0x000000001941f040:   0000000002491658 00000000544734a6
0x000000001941f050:   0000000000000001 000000000274a890
0x000000001941f060:   0000000000000000 0000000054473384
0x000000001941f070:   c000000500000001 000000001941e0c0
0x000000001941f080:   0000000054450000 00007ffb7ae05021
0x000000001941f090:   000000007ffe0385 0000000000000000
0x000000001941f0a0:   000000007ffe0384 000000007ffe0385
0x000000001941f0b0:   0000000000000001 00007ffb7ae4aefc
0x000000001941f0c0:   000070db8b0e7e00 00000000006ea6e0
0x000000001941f0d0:   0000000000000000 0000000054473384 

Instructions: (pc=0x000000005447584a)
0x000000005447582a:   83 c4 20 5d c3 cc 40 53 48 83 ec 20 48 8b 1d cb
0x000000005447583a:   5b 01 00 48 85 db 74 1a e8 19 93 ff ff 48 8b d3
0x000000005447584a:   4c 8b 00 48 8b c8 48 83 c4 20 5b 49 ff a0 b0 00
0x000000005447585a:   00 00 48 83 c4 20 5b c3 cc cc cc cc cc cc cc cc 


Register to memory mapping:

RAX=0x0000000000000000 is an unknown value
RBX=0x000000001a761228 is a global jni handle
RCX=0x0000000017649800 is an unknown value
RDX=0x000000001a761228 is a global jni handle
RSP=0x000000001941efe0 is an unknown value
RBP=0x0000000000758b40 is an unknown value
RSI=0x0000000000000001 is an unknown value
RDI=0x0000000000000000 is an unknown value
R8 =0x0000000000010002 is an unknown value
R9 =0x0000000000000001 is an unknown value
R10=0x0000000000008000 is an unknown value
R11=0x000000001941ef40 is an unknown value
R12=0x0000000000758b70 is an unknown value
R13=0x0000000000758b40 is an unknown value
R14=0x0000000000758b50 is an unknown value
R15=0x0000000000000000 is an unknown value


Stack: [0x0000000019320000,0x0000000019420000],  sp=0x000000001941efe0,  free space=1019k
Native frames: (J=compiled Java code, j=interpreted, Vv=VM code, C=native code)
C  [glass.dll+0x2584a]
C  [glass.dll+0x23224]
C  [glass.dll+0x234a6]
C  [ntdll.dll+0x25021]
C  [ntdll.dll+0x6aad2]
C  [ntdll.dll+0x6a97d]
C  [KERNEL32.DLL+0x1cdda]
C  [msvcr100.dll+0x20ccd]
V  [jvm.dll+0x213145]
V  [jvm.dll+0x24c127]
V  [jvm.dll+0x24b3c6]
V  [jvm.dll+0x24b861]
V  [jvm.dll+0x24ba7e]
V  [jvm.dll+0x29ca6a]
C  [msvcr100.dll+0x21d9f]
C  [msvcr100.dll+0x21e3b]
C  [KERNEL32.DLL+0x17c24]
C  [ntdll.dll+0x6cea1]

VM_Operation (0x0000000000b8eeb0): Exit, mode: safepoint, requested by thread 0x000000001a96f000


---------------  P R O C E S S  ---------------

Java Threads: ( => current thread )
  0x000000001a96f000 JavaThread "SIGINT handler" daemon [_thread_blocked, id=2872, stack(0x0000000000a90000,0x0000000000b90000)]
  0x000000001a970800 JavaThread "Prism Font Disposer" daemon [_thread_blocked, id=864, stack(0x00000000257d0000,0x00000000258d0000)]
  0x000000001a96d800 JavaThread "Disposer" daemon [_thread_blocked, id=7044, stack(0x0000000023400000,0x0000000023500000)]
  0x000000001a807000 JavaThread "Thread-3" daemon [_thread_in_native, id=5096, stack(0x0000000021e30000,0x0000000021f30000)]
  0x000000001a817000 JavaThread "JavaFX-Launcher" [_thread_blocked, id=6188, stack(0x0000000021f30000,0x0000000022030000)]
  0x000000001a7e4800 JavaThread "JavaFX Application Thread" [_thread_in_native, id=4072, stack(0x000000001b160000,0x000000001b260000)]
  0x000000001991c800 JavaThread "Thread-1" daemon [_thread_blocked, id=11380, stack(0x000000001b060000,0x000000001b160000)]
  0x000000001a75d000 JavaThread "QuantumRenderer-0" daemon [_thread_blocked, id=652, stack(0x000000001ae20000,0x000000001af20000)]
  0x0000000019690000 JavaThread "Service Thread" daemon [_thread_blocked, id=7324, stack(0x000000001a420000,0x000000001a520000)]
  0x0000000019647000 JavaThread "C1 CompilerThread3" daemon [_thread_blocked, id=12240, stack(0x000000001a320000,0x000000001a420000)]
  0x0000000019644800 JavaThread "C2 CompilerThread2" daemon [_thread_blocked, id=12708, stack(0x000000001a220000,0x000000001a320000)]
  0x000000001963e000 JavaThread "C2 CompilerThread1" daemon [_thread_blocked, id=16824, stack(0x000000001a120000,0x000000001a220000)]
  0x000000001963b800 JavaThread "C2 CompilerThread0" daemon [_thread_blocked, id=636, stack(0x000000001a020000,0x000000001a120000)]
  0x0000000019560000 JavaThread "JDWP Event Helper Thread" daemon [_thread_blocked, id=13984, stack(0x0000000019e20000,0x0000000019f20000)]
  0x0000000019553000 JavaThread "Attach Listener" daemon [_thread_blocked, id=18352, stack(0x0000000019c20000,0x0000000019d20000)]
  0x0000000019552000 JavaThread "Signal Dispatcher" daemon [_thread_blocked, id=16304, stack(0x0000000019b20000,0x0000000019c20000)]
  0x0000000019540800 JavaThread "Finalizer" daemon [_thread_blocked, id=17808, stack(0x0000000019920000,0x0000000019a20000)]
  0x000000000279a000 JavaThread "Reference Handler" daemon [_thread_blocked, id=14176, stack(0x0000000019420000,0x0000000019520000)]
  0x00000000026a3800 JavaThread "main" [_thread_blocked, id=10684, stack(0x00000000024a0000,0x00000000025a0000)]

Other Threads:
=>0x0000000017649800 VMThread [stack: 0x0000000019320000,0x0000000019420000] [id=12476]

VM state:at safepoint (shutting down)

VM Mutex/Monitor currently owned by a thread:  ([mutex/lock_event])
[0x00000000026a0dd0] Threads_lock - owner thread: 0x0000000017649800

Heap:
 PSYoungGen      total 37888K, used 7970K [0x00000000d6580000, 0x00000000d9700000, 0x0000000100000000)
  eden space 32768K, 8% used [0x00000000d6580000,0x00000000d684bc48,0x00000000d8580000)
  from space 5120K, 99% used [0x00000000d8a80000,0x00000000d8f7cf70,0x00000000d8f80000)
  to   space 5120K, 0% used [0x00000000d8580000,0x00000000d8580000,0x00000000d8a80000)
 ParOldGen       total 66560K, used 13077K [0x0000000083000000, 0x0000000087100000, 0x00000000d6580000)
  object space 66560K, 19% used [0x0000000083000000,0x0000000083cc57a0,0x0000000087100000)
 Metaspace       used 22266K, capacity 24006K, committed 24192K, reserved 1069056K
  class space    used 3287K, capacity 3600K, committed 3712K, reserved 1048576K

Card table byte_map: [0x0000000011b60000,0x0000000011f50000] byte_map_base: 0x0000000011748000

Marking Bits: (ParMarkBitMap*) 0x0000000054d7d850
 Begin Bits: [0x00000000129f0000, 0x0000000014930000)
 End Bits:   [0x0000000014930000, 0x0000000016870000)

Polling page: 0x0000000000690000

CodeCache: size=245760Kb used=11282Kb max_used=11350Kb free=234477Kb
 bounds [0x00000000027a0000, 0x00000000032c0000, 0x00000000117a0000]
 total_blobs=4148 nmethods=3440 adapters=626
 compilation: enabled

Compilation events (10 events):
Event: 121.383 Thread 0x0000000019647000 3475       3       java.util.ArrayDeque::pollFirst (42 bytes)
Event: 121.384 Thread 0x0000000019647000 nmethod 3475 0x00000000028b35d0 code [0x00000000028b3740, 0x00000000028b3a70]
Event: 121.398 Thread 0x0000000019647000 3476       3       java.util.ArrayDeque::add (7 bytes)
Event: 121.399 Thread 0x0000000019647000 nmethod 3476 0x00000000028d6950 code [0x00000000028d6ac0, 0x00000000028d6c68]
Event: 121.399 Thread 0x0000000019647000 3477       3       java.util.ArrayDeque::addLast (53 bytes)
Event: 121.400 Thread 0x0000000019647000 nmethod 3477 0x000000000292da50 code [0x000000000292dbe0, 0x000000000292e018]
Event: 309.201 Thread 0x0000000019647000 3478   !   3       java.util.logging.LogManager::ensureLogManagerInitialized (128 bytes)
Event: 309.201 Thread 0x0000000019647000 nmethod 3478 0x00000000028d3d10 code [0x00000000028d3ec0, 0x00000000028d4568]
Event: 309.201 Thread 0x0000000019647000 3480       3       java.util.logging.LogManager::access$100 (4 bytes)
Event: 309.201 Thread 0x0000000019647000 nmethod 3480 0x00000000028b3290 code [0x00000000028b33e0, 0x00000000028b3510]

GC Heap History (10 events):
Event: 0.745 GC heap before
{Heap before GC invocations=1 (full 0):
 PSYoungGen      total 37888K, used 32768K [0x00000000d6580000, 0x00000000d8f80000, 0x0000000100000000)
  eden space 32768K, 100% used [0x00000000d6580000,0x00000000d8580000,0x00000000d8580000)
  from space 5120K, 0% used [0x00000000d8a80000,0x00000000d8a80000,0x00000000d8f80000)
  to   space 5120K, 0% used [0x00000000d8580000,0x00000000d8580000,0x00000000d8a80000)
 ParOldGen       total 86016K, used 0K [0x0000000083000000, 0x0000000088400000, 0x00000000d6580000)
  object space 86016K, 0% used [0x0000000083000000,0x0000000083000000,0x0000000088400000)
 Metaspace       used 10994K, capacity 11312K, committed 11520K, reserved 1058816K
  class space    used 1369K, capacity 1479K, committed 1536K, reserved 1048576K
Event: 0.749 GC heap after
Heap after GC invocations=1 (full 0):
 PSYoungGen      total 37888K, used 3565K [0x00000000d6580000, 0x00000000d8f80000, 0x0000000100000000)
  eden space 32768K, 0% used [0x00000000d6580000,0x00000000d6580000,0x00000000d8580000)
  from space 5120K, 69% used [0x00000000d8580000,0x00000000d88fb570,0x00000000d8a80000)
  to   space 5120K, 0% used [0x00000000d8a80000,0x00000000d8a80000,0x00000000d8f80000)
 ParOldGen       total 86016K, used 80K [0x0000000083000000, 0x0000000088400000, 0x00000000d6580000)
  object space 86016K, 0% used [0x0000000083000000,0x0000000083014010,0x0000000088400000)
 Metaspace       used 10994K, capacity 11312K, committed 11520K, reserved 1058816K
  class space    used 1369K, capacity 1479K, committed 1536K, reserved 1048576K
}
Event: 1.316 GC heap before
{Heap before GC invocations=2 (full 0):
 PSYoungGen      total 37888K, used 36333K [0x00000000d6580000, 0x00000000d8f80000, 0x0000000100000000)
  eden space 32768K, 100% used [0x00000000d6580000,0x00000000d8580000,0x00000000d8580000)
  from space 5120K, 69% used [0x00000000d8580000,0x00000000d88fb570,0x00000000d8a80000)
  to   space 5120K, 0% used [0x00000000d8a80000,0x00000000d8a80000,0x00000000d8f80000)
 ParOldGen       total 86016K, used 80K [0x0000000083000000, 0x0000000088400000, 0x00000000d6580000)
  object space 86016K, 0% used [0x0000000083000000,0x0000000083014010,0x0000000088400000)
 Metaspace       used 17872K, capacity 18964K, committed 19072K, reserved 1064960K
  class space    used 2700K, capacity 2919K, committed 2944K, reserved 1048576K
Event: 1.322 GC heap after
Heap after GC invocations=2 (full 0):
 PSYoungGen      total 37888K, used 5104K [0x00000000d6580000, 0x00000000d8f80000, 0x0000000100000000)
  eden space 32768K, 0% used [0x00000000d6580000,0x00000000d6580000,0x00000000d8580000)
  from space 5120K, 99% used [0x00000000d8a80000,0x00000000d8f7c050,0x00000000d8f80000)
  to   space 5120K, 0% used [0x00000000d8580000,0x00000000d8580000,0x00000000d8a80000)
 ParOldGen       total 86016K, used 168K [0x0000000083000000, 0x0000000088400000, 0x00000000d6580000)
  object space 86016K, 0% used [0x0000000083000000,0x000000008302a010,0x0000000088400000)
 Metaspace       used 17872K, capacity 18964K, committed 19072K, reserved 1064960K
  class space    used 2700K, capacity 2919K, committed 2944K, reserved 1048576K
}
Event: 1.724 GC heap before
{Heap before GC invocations=3 (full 0):
 PSYoungGen      total 37888K, used 19345K [0x00000000d6580000, 0x00000000d8f80000, 0x0000000100000000)
  eden space 32768K, 43% used [0x00000000d6580000,0x00000000d73686c8,0x00000000d8580000)
  from space 5120K, 99% used [0x00000000d8a80000,0x00000000d8f7c050,0x00000000d8f80000)
  to   space 5120K, 0% used [0x00000000d8580000,0x00000000d8580000,0x00000000d8a80000)
 ParOldGen       total 86016K, used 168K [0x0000000083000000, 0x0000000088400000, 0x00000000d6580000)
  object space 86016K, 0% used [0x0000000083000000,0x000000008302a010,0x0000000088400000)
 Metaspace       used 19785K, capacity 21184K, committed 21248K, reserved 1067008K
  class space    used 3027K, capacity 3305K, committed 3328K, reserved 1048576K
Event: 1.730 GC heap after
Heap after GC invocations=3 (full 0):
 PSYoungGen      total 37888K, used 5104K [0x00000000d6580000, 0x00000000d8f80000, 0x0000000100000000)
  eden space 32768K, 0% used [0x00000000d6580000,0x00000000d6580000,0x00000000d8580000)
  from space 5120K, 99% used [0x00000000d8580000,0x00000000d8a7c030,0x00000000d8a80000)
  to   space 5120K, 0% used [0x00000000d8a80000,0x00000000d8a80000,0x00000000d8f80000)
 ParOldGen       total 86016K, used 2314K [0x0000000083000000, 0x0000000088400000, 0x00000000d6580000)
  object space 86016K, 2% used [0x0000000083000000,0x0000000083242aa0,0x0000000088400000)
 Metaspace       used 19785K, capacity 21184K, committed 21248K, reserved 1067008K
  class space    used 3027K, capacity 3305K, committed 3328K, reserved 1048576K
}
Event: 1.730 GC heap before
{Heap before GC invocations=4 (full 1):
 PSYoungGen      total 37888K, used 5104K [0x00000000d6580000, 0x00000000d8f80000, 0x0000000100000000)
  eden space 32768K, 0% used [0x00000000d6580000,0x00000000d6580000,0x00000000d8580000)
  from space 5120K, 99% used [0x00000000d8580000,0x00000000d8a7c030,0x00000000d8a80000)
  to   space 5120K, 0% used [0x00000000d8a80000,0x00000000d8a80000,0x00000000d8f80000)
 ParOldGen       total 86016K, used 2314K [0x0000000083000000, 0x0000000088400000, 0x00000000d6580000)
  object space 86016K, 2% used [0x0000000083000000,0x0000000083242aa0,0x0000000088400000)
 Metaspace       used 19785K, capacity 21184K, committed 21248K, reserved 1067008K
  class space    used 3027K, capacity 3305K, committed 3328K, reserved 1048576K
Event: 1.776 GC heap after
Heap after GC invocations=4 (full 1):
 PSYoungGen      total 37888K, used 0K [0x00000000d6580000, 0x00000000d8f80000, 0x0000000100000000)
  eden space 32768K, 0% used [0x00000000d6580000,0x00000000d6580000,0x00000000d8580000)
  from space 5120K, 0% used [0x00000000d8580000,0x00000000d8580000,0x00000000d8a80000)
  to   space 5120K, 0% used [0x00000000d8a80000,0x00000000d8a80000,0x00000000d8f80000)
 ParOldGen       total 66560K, used 7244K [0x0000000083000000, 0x0000000087100000, 0x00000000d6580000)
  object space 66560K, 10% used [0x0000000083000000,0x00000000837130d0,0x0000000087100000)
 Metaspace       used 19785K, capacity 21184K, committed 21248K, reserved 1067008K
  class space    used 3027K, capacity 3305K, committed 3328K, reserved 1048576K
}
Event: 70.785 GC heap before
{Heap before GC invocations=5 (full 1):
 PSYoungGen      total 37888K, used 32768K [0x00000000d6580000, 0x00000000d8f80000, 0x0000000100000000)
  eden space 32768K, 100% used [0x00000000d6580000,0x00000000d8580000,0x00000000d8580000)
  from space 5120K, 0% used [0x00000000d8580000,0x00000000d8580000,0x00000000d8a80000)
  to   space 5120K, 0% used [0x00000000d8a80000,0x00000000d8a80000,0x00000000d8f80000)
 ParOldGen       total 66560K, used 7244K [0x0000000083000000, 0x0000000087100000, 0x00000000d6580000)
  object space 66560K, 10% used [0x0000000083000000,0x00000000837130d0,0x0000000087100000)
 Metaspace       used 22204K, capacity 23930K, committed 24192K, reserved 1069056K
  class space    used 3283K, capacity 3598K, committed 3712K, reserved 1048576K
Event: 70.792 GC heap after
Heap after GC invocations=5 (full 1):
 PSYoungGen      total 37888K, used 5107K [0x00000000d6580000, 0x00000000d9700000, 0x0000000100000000)
  eden space 32768K, 0% used [0x00000000d6580000,0x00000000d6580000,0x00000000d8580000)
  from space 5120K, 99% used [0x00000000d8a80000,0x00000000d8f7cf70,0x00000000d8f80000)
  to   space 5120K, 0% used [0x00000000d8580000,0x00000000d8580000,0x00000000d8a80000)
 ParOldGen       total 66560K, used 13077K [0x0000000083000000, 0x0000000087100000, 0x00000000d6580000)
  object space 66560K, 19% used [0x0000000083000000,0x0000000083cc57a0,0x0000000087100000)
 Metaspace       used 22204K, capacity 23930K, committed 24192K, reserved 1069056K
  class space    used 3283K, capacity 3598K, committed 3712K, reserved 1048576K
}

Deoptimization events (10 events):
Event: 2.858 Thread 0x000000001a7e4800 Uncommon trap: reason=class_check action=maybe_recompile pc=0x0000000002e56c38 method=javafx.beans.property.BooleanPropertyBase.get()Z @ 23
Event: 2.858 Thread 0x000000001a7e4800 Uncommon trap: reason=unstable_if action=reinterpret pc=0x0000000002e88f94 method=javafx.scene.CssStyleHelper.resolveRef(Ljavafx/css/Styleable;Ljava/lang/String;Lcom/sun/javafx/css/StyleMap;Ljava/util/Set;)Lcom/sun/javafx/css/CascadingStyle; @ 66
Event: 2.858 Thread 0x000000001a7e4800 Uncommon trap: reason=unstable_if action=reinterpret pc=0x0000000002dce74c method=javafx.scene.CssStyleHelper.resolveRef(Ljavafx/css/Styleable;Ljava/lang/String;Lcom/sun/javafx/css/StyleMap;Ljava/util/Set;)Lcom/sun/javafx/css/CascadingStyle; @ 66
Event: 2.865 Thread 0x000000001a7e4800 Uncommon trap: reason=class_check action=maybe_recompile pc=0x0000000002d28578 method=java.util.WeakHashMap.eq(Ljava/lang/Object;Ljava/lang/Object;)Z @ 7
Event: 2.874 Thread 0x000000001a7e4800 Uncommon trap: reason=class_check action=maybe_recompile pc=0x0000000002d28578 method=java.util.WeakHashMap.eq(Ljava/lang/Object;Ljava/lang/Object;)Z @ 7
Event: 3.806 Thread 0x000000001a7e4800 Uncommon trap: reason=unstable_if action=reinterpret pc=0x0000000002f50bb4 method=java.lang.StrictMath.floorOrCeil(DDDD)D @ 115
Event: 3.890 Thread 0x000000001a75d000 Uncommon trap: reason=class_check action=maybe_recompile pc=0x0000000002d28578 method=java.util.WeakHashMap.eq(Ljava/lang/Object;Ljava/lang/Object;)Z @ 7
Event: 56.706 Thread 0x000000001a7e4800 Uncommon trap: reason=unstable_if action=reinterpret pc=0x00000000031cd208 method=com.sun.javafx.geom.transform.Translate2D.isIdentity()Z @ 15
Event: 57.352 Thread 0x000000001a7e4800 Uncommon trap: reason=unstable_if action=reinterpret pc=0x00000000031c8cf8 method=com.sun.javafx.geom.transform.Translate2D.isIdentity()Z @ 15
Event: 57.623 Thread 0x000000001a7e4800 Uncommon trap: reason=unstable_if action=reinterpret pc=0x000000000315cc24 method=com.sun.javafx.text.TextRun.getPosX(I)F @ 75

Internal exceptions (10 events):
Event: 0.696 Thread 0x000000001a7e4800 Exception <a 'java/lang/ArrayIndexOutOfBoundsException'> (0x00000000d8297aa8) thrown at [C:\re\workspace\8-2-build-windows-amd64-cygwin\jdk8u144\9417\hotspot\src\share\vm\runtime\sharedRuntime.cpp, line 605]
Event: 0.700 Thread 0x000000001a7e4800 Exception <a 'java/lang/ArrayIndexOutOfBoundsException'> (0x00000000d82c19c8) thrown at [C:\re\workspace\8-2-build-windows-amd64-cygwin\jdk8u144\9417\hotspot\src\share\vm\runtime\sharedRuntime.cpp, line 605]
Event: 0.791 Thread 0x000000001a7e4800 Exception <a 'java/lang/ArrayIndexOutOfBoundsException'> (0x00000000d69e2f30) thrown at [C:\re\workspace\8-2-build-windows-amd64-cygwin\jdk8u144\9417\hotspot\src\share\vm\runtime\sharedRuntime.cpp, line 605]
Event: 0.791 Thread 0x000000001a7e4800 Exception <a 'java/lang/ArrayIndexOutOfBoundsException'> (0x00000000d69e5258) thrown at [C:\re\workspace\8-2-build-windows-amd64-cygwin\jdk8u144\9417\hotspot\src\share\vm\runtime\sharedRuntime.cpp, line 605]
Event: 0.794 Thread 0x000000001a7e4800 Exception <a 'java/lang/ArrayIndexOutOfBoundsException'> (0x00000000d6a30e60) thrown at [C:\re\workspace\8-2-build-windows-amd64-cygwin\jdk8u144\9417\hotspot\src\share\vm\runtime\sharedRuntime.cpp, line 605]
Event: 0.808 Thread 0x000000001a7e4800 Exception <a 'java/lang/ArrayIndexOutOfBoundsException'> (0x00000000d6c69380) thrown at [C:\re\workspace\8-2-build-windows-amd64-cygwin\jdk8u144\9417\hotspot\src\share\vm\runtime\sharedRuntime.cpp, line 605]
Event: 0.891 Thread 0x000000001a7e4800 Implicit null exception at 0x0000000002a87659 to 0x0000000002a87b41
Event: 0.947 Thread 0x000000001a7e4800 Implicit null exception at 0x0000000002ab61b4 to 0x0000000002ab64e9
Event: 1.430 Thread 0x000000001a7e4800 Implicit null exception at 0x0000000002c4a3f1 to 0x0000000002c4aa35
Event: 309.201 Thread 0x000000001a96f800 Exception <a 'java/lang/IllegalStateException'> (0x00000000d67d1588) thrown at [C:\re\workspace\8-2-build-windows-amd64-cygwin\jdk8u144\9417\hotspot\src\share\vm\prims\jvm.cpp, line 1394]

Events (10 events):
Event: 309.200 Executing VM operation: RevokeBias done
Event: 309.200 Executing VM operation: RevokeBias
Event: 309.201 Executing VM operation: RevokeBias done
Event: 309.201 loading class com/sun/javafx/tk/quantum/QuantumRenderer
Event: 309.201 loading class com/sun/javafx/tk/quantum/QuantumRenderer done
Event: 309.201 Thread 0x000000001a971000 Thread exited: 0x000000001a971000
Event: 309.201 loading class com/sun/javafx/tk/quantum/QuantumToolkit
Event: 309.201 loading class com/sun/javafx/tk/quantum/QuantumToolkit done
Event: 309.201 Thread 0x000000001a96f800 Thread exited: 0x000000001a96f800
Event: 309.202 Executing VM operation: Exit


Dynamic libraries:
0x00007ff709ab0000 - 0x00007ff709ae7000 	C:\Program Files\Java\jdk1.8.0_144\bin\java.exe
0x00007ffb7ade0000 - 0x00007ffb7afd0000 	C:\Windows\SYSTEM32\ntdll.dll
0x00007ffb79150000 - 0x00007ffb79202000 	C:\Windows\System32\KERNEL32.DLL
0x00007ffb78b40000 - 0x00007ffb78de5000 	C:\Windows\System32\KERNELBASE.dll
0x00007ffb7a750000 - 0x00007ffb7a7f3000 	C:\Windows\System32\ADVAPI32.dll
0x00007ffb7acf0000 - 0x00007ffb7ad8e000 	C:\Windows\System32\msvcrt.dll
0x00007ffb79e20000 - 0x00007ffb79eb7000 	C:\Windows\System32\sechost.dll
0x00007ffb7aa90000 - 0x00007ffb7abb0000 	C:\Windows\System32\RPCRT4.dll
0x00007ffb78f00000 - 0x00007ffb79094000 	C:\Windows\System32\USER32.dll
0x00007ffb78580000 - 0x00007ffb785a1000 	C:\Windows\System32\win32u.dll
0x00007ffb790a0000 - 0x00007ffb790c6000 	C:\Windows\System32\GDI32.dll
0x00007ffb788a0000 - 0x00007ffb78a36000 	C:\Windows\System32\gdi32full.dll
0x00007ffb78df0000 - 0x00007ffb78e8e000 	C:\Windows\System32\msvcp_win.dll
0x00007ffb78a40000 - 0x00007ffb78b3a000 	C:\Windows\System32\ucrtbase.dll
0x00007ffb77160000 - 0x00007ffb773e4000 	C:\Windows\WinSxS\amd64_microsoft.windows.common-controls_6595b64144ccf1df_6.0.18362.1139_none_9e7bf2d3e4605ac6\COMCTL32.dll
0x00007ffb792e0000 - 0x00007ffb79615000 	C:\Windows\System32\combase.dll
0x00007ffb78800000 - 0x00007ffb78880000 	C:\Windows\System32\bcryptPrimitives.dll
0x00007ffb7aa60000 - 0x00007ffb7aa8e000 	C:\Windows\System32\IMM32.DLL
0x0000000054e00000 - 0x0000000054ed2000 	C:\Program Files\Java\jdk1.8.0_144\jre\bin\msvcr100.dll
0x0000000054560000 - 0x0000000054dfd000 	C:\Program Files\Java\jdk1.8.0_144\jre\bin\server\jvm.dll
0x00007ffb7ad90000 - 0x00007ffb7ad98000 	C:\Windows\System32\PSAPI.DLL
0x00007ffb75aa0000 - 0x00007ffb75aaa000 	C:\Windows\SYSTEM32\VERSION.dll
0x00007ffb5aab0000 - 0x00007ffb5aab9000 	C:\Windows\SYSTEM32\WSOCK32.dll
0x00007ffb71810000 - 0x00007ffb71834000 	C:\Windows\SYSTEM32\WINMM.dll
0x00007ffb798c0000 - 0x00007ffb7992f000 	C:\Windows\System32\WS2_32.dll
0x00007ffb71380000 - 0x00007ffb713ad000 	C:\Windows\SYSTEM32\winmmbase.dll
0x00007ffb785b0000 - 0x00007ffb785fa000 	C:\Windows\System32\cfgmgr32.dll
0x00000000553a0000 - 0x00000000553af000 	C:\Program Files\Java\jdk1.8.0_144\jre\bin\verify.dll
0x0000000055370000 - 0x0000000055399000 	C:\Program Files\Java\jdk1.8.0_144\jre\bin\java.dll
0x0000000055310000 - 0x0000000055345000 	C:\Program Files\Java\jdk1.8.0_144\jre\bin\jdwp.dll
0x0000000054550000 - 0x0000000054558000 	C:\Program Files\Java\jdk1.8.0_144\jre\bin\npt.dll
0x0000000054520000 - 0x0000000054543000 	C:\Program Files\Java\jdk1.8.0_144\jre\bin\instrument.dll
0x0000000055350000 - 0x0000000055366000 	C:\Program Files\Java\jdk1.8.0_144\jre\bin\zip.dll
0x00007ffb79f50000 - 0x00007ffb7a637000 	C:\Windows\System32\SHELL32.dll
0x00007ffb7a9b0000 - 0x00007ffb7aa59000 	C:\Windows\System32\shcore.dll
0x00007ffb77dd0000 - 0x00007ffb78550000 	C:\Windows\System32\windows.storage.dll
0x00007ffb77cf0000 - 0x00007ffb77d13000 	C:\Windows\System32\profapi.dll
0x00007ffb77d20000 - 0x00007ffb77d6a000 	C:\Windows\System32\powrprof.dll
0x00007ffb77ca0000 - 0x00007ffb77cb0000 	C:\Windows\System32\UMPDC.dll
0x00007ffb7a6f0000 - 0x00007ffb7a742000 	C:\Windows\System32\shlwapi.dll
0x00007ffb77cd0000 - 0x00007ffb77ce1000 	C:\Windows\System32\kernel.appcore.dll
0x00007ffb78880000 - 0x00007ffb78897000 	C:\Windows\System32\cryptsp.dll
0x0000000054510000 - 0x0000000054519000 	C:\Program Files\Java\jdk1.8.0_144\jre\bin\dt_socket.dll
0x00007ffb76e70000 - 0x00007ffb76ed7000 	C:\Windows\system32\mswsock.dll
0x00007ffb53300000 - 0x00007ffb533ef000 	C:\Program Files\Java\jdk1.8.0_144\jre\bin\msvcr120.dll
0x00007ffb52e30000 - 0x00007ffb52ed6000 	C:\Program Files\Java\jdk1.8.0_144\jre\bin\msvcp120.dll
0x00000000544a0000 - 0x00000000544c2000 	C:\Program Files\Java\jdk1.8.0_144\jre\bin\prism_d3d.dll
0x00007ffb52c60000 - 0x00007ffb52e27000 	C:\Windows\system32\d3d9.dll
0x00007ffb72320000 - 0x00007ffb7234d000 	C:\Windows\SYSTEM32\dwmapi.dll
0x00007ffb75b10000 - 0x00007ffb75b30000 	C:\Windows\SYSTEM32\dxcore.dll
0x00007ffb72200000 - 0x00007ffb72299000 	C:\Windows\system32\uxtheme.dll
0x0000000054450000 - 0x0000000054493000 	C:\Program Files\Java\jdk1.8.0_144\jre\bin\glass.dll
0x00007ffb79210000 - 0x00007ffb792e0000 	C:\Windows\System32\COMDLG32.dll
0x00007ffb79750000 - 0x00007ffb798a7000 	C:\Windows\System32\ole32.dll
0x00007ffb79620000 - 0x00007ffb796e5000 	C:\Windows\System32\OLEAUT32.dll
0x00007ffb7abb0000 - 0x00007ffb7ace5000 	C:\Windows\System32\MSCTF.dll
0x0000000054430000 - 0x0000000054444000 	C:\Program Files\Java\jdk1.8.0_144\jre\bin\javafx_font.dll
0x0000000051c70000 - 0x0000000054424000 	C:\Program Files\Java\jdk1.8.0_144\jre\bin\jfxwebkit.dll
0x00007ffb76980000 - 0x00007ffb769b3000 	C:\Windows\system32\rsaenh.dll
0x00007ffb78550000 - 0x00007ffb78576000 	C:\Windows\System32\bcrypt.dll
0x00007ffb770b0000 - 0x00007ffb770bc000 	C:\Windows\SYSTEM32\CRYPTBASE.dll
0x00007ffb63c40000 - 0x00007ffb63f3e000 	C:\Windows\SYSTEM32\dwrite.dll
0x00007ffb7a640000 - 0x00007ffb7a6e2000 	C:\Windows\System32\clbcatq.dll
0x00007ffb6f4e0000 - 0x00007ffb6f68f000 	C:\Windows\SYSTEM32\WindowsCodecs.dll
0x00007ffb431d0000 - 0x00007ffb4320a000 	C:\Windows\system32\dataexchange.dll
0x00007ffb71840000 - 0x00007ffb71a1d000 	C:\Windows\system32\dcomp.dll
0x00007ffb70b60000 - 0x00007ffb70dbb000 	C:\Windows\system32\d3d11.dll
0x00007ffb75ba0000 - 0x00007ffb75c8b000 	C:\Windows\system32\dxgi.dll
0x00007ffb72350000 - 0x00007ffb725b2000 	C:\Windows\system32\twinapi.appcore.dll
0x00007ffb72760000 - 0x00007ffb72789000 	C:\Windows\system32\RMCLIENT.dll
0x00007ffb59980000 - 0x00007ffb599b3000 	C:\Program Files\Common Files\Microsoft Shared\Ink\rtscom.dll
0x00007ffb65c10000 - 0x00007ffb65cae000 	C:\Windows\System32\TextInputFramework.dll
0x00007ffb71d90000 - 0x00007ffb71e64000 	C:\Windows\System32\CoreMessaging.dll
0x00007ffb6fbf0000 - 0x00007ffb6ff1a000 	C:\Windows\System32\CoreUIComponents.dll
0x00007ffb77a50000 - 0x00007ffb77a81000 	C:\Windows\SYSTEM32\ntmarta.dll
0x00007ffb6f990000 - 0x00007ffb6fae3000 	C:\Windows\SYSTEM32\wintypes.dll
0x00007ffb644d0000 - 0x00007ffb64777000 	C:\Windows\System32\iertutil.dll
0x0000000051c50000 - 0x0000000051c61000 	C:\Program Files\Java\jdk1.8.0_144\jre\bin\prism_common.dll
0x00007ffb40db0000 - 0x00007ffb40dd3000 	C:\Windows\SYSTEM32\edputil.dll
0x00007ffb6ff20000 - 0x00007ffb6ff85000 	C:\Windows\system32\Ninput.dll
0x00007ffb77770000 - 0x00007ffb77964000 	C:\Windows\SYSTEM32\dbghelp.dll

VM Arguments:
jvm_args: -agentlib:jdwp=transport=dt_socket,address=127.0.0.1:50791,suspend=y,server=n -javaagent:C:\Users\asmit\AppData\Local\JetBrains\IdeaIC2020.2\captureAgent\debugger-agent.jar -Dfile.encoding=UTF-8 
java_command: Application.Main
java_class_path (initial): C:\Program Files\Java\jdk1.8.0_144\jre\lib\charsets.jar;C:\Program Files\Java\jdk1.8.0_144\jre\lib\deploy.jar;C:\Program Files\Java\jdk1.8.0_144\jre\lib\ext\access-bridge-64.jar;C:\Program Files\Java\jdk1.8.0_144\jre\lib\ext\cldrdata.jar;C:\Program Files\Java\jdk1.8.0_144\jre\lib\ext\dnsns.jar;C:\Program Files\Java\jdk1.8.0_144\jre\lib\ext\jaccess.jar;C:\Program Files\Java\jdk1.8.0_144\jre\lib\ext\jfxrt.jar;C:\Program Files\Java\jdk1.8.0_144\jre\lib\ext\localedata.jar;C:\Program Files\Java\jdk1.8.0_144\jre\lib\ext\nashorn.jar;C:\Program Files\Java\jdk1.8.0_144\jre\lib\ext\sunec.jar;C:\Program Files\Java\jdk1.8.0_144\jre\lib\ext\sunjce_provider.jar;C:\Program Files\Java\jdk1.8.0_144\jre\lib\ext\sunmscapi.jar;C:\Program Files\Java\jdk1.8.0_144\jre\lib\ext\sunpkcs11.jar;C:\Program Files\Java\jdk1.8.0_144\jre\lib\ext\zipfs.jar;C:\Program Files\Java\jdk1.8.0_144\jre\lib\javaws.jar;C:\Program Files\Java\jdk1.8.0_144\jre\lib\jce.jar;C:\Program Files\Java\jdk1.8.0_144\jre\lib\jfr.jar;C:\Program Files\Java\jdk1.8.0_144\jre\lib\jfxswt.jar;C:\Program Files\Java\jdk1.8.0_144\jre\lib\jsse.jar;C:\Program Files\Java\jdk1.8.0_144\jre\lib\management-agent.jar;C:\Program Files\Java\jdk1.8.0_144\jre\lib\plugin.jar;C:\Program Files\Java\jdk1.8.0_144\jre\lib\resources.jar;C:\Program Files\Java\jdk1.8.0_144\jre\lib\rt.jar;C:\Users\asmit\Documents\vignette-studio-ii\target\classes;C:\Users\asmit\.m2\repository\commons-io\commons-io\2.8.0\commons-io-2.8.0.jar;C:\Program Files\JetBrains\IntelliJ IDEA Community Edition 2020.2.3\lib\idea_rt.jar;C:\Users\asmit\AppData\Local\JetBrains\IdeaIC2020.2\captureAgent\debugger-agent.jar
Launcher Type: SUN_STANDARD

Environment Variables:
JAVA_HOME=C:\Program Files\Java\jdk-14.0.2
JRE_HOME=C:\Program Files\Java\jdk-14.0.2\bin
CLASSPATH=C:\Program Files\Java\jdk-14.0.2\bin;C:\Program Files\Java\jdk-14.0.2\bin\bin;C:\Program Files\apache-tomcat-8.5.43\lib
PATH=C:\Program Files (x86)\Common Files\Oracle\Java\javapath;C:\Windows\system32;C:\Windows;C:\Windows\System32\Wbem;C:\Windows\System32\WindowsPowerShell\v1.0\;C:\Windows\System32\OpenSSH\;C:\Program Files (x86)\Brackets\command;C:\Program Files\Git\cmd;C:\Program Files\nodejs\;C:\Program Files\Intel\WiFi\bin\;C:\Program Files\Common Files\Intel\WirelessCommon\;C:\cygwin64\bin;C:\Go\bin;C:\Program Files (x86)\Intel\Intel(R) Management Engine Components\DAL;C:\Program Files\Intel\Intel(R) Management Engine Components\DAL;C:\Program Files\dotnet\;C:\Program Files\Microsoft SQL Server\130\Tools\Binn\;C:\Program Files\Microsoft SQL Server\Client SDK\ODBC\170\Tools\Binn\;C:\Program Files\Java\jdk-14.0.2;C:\Program Files\Java\jdk-14.0.2\bin;C:\Program Files\Amazon\AWSCLIV2\;C:\Program Files\MySQL\MySQL Shell 8.0\bin\;C:\Users\asmit\AppData\Local\Programs\Python\Python37\Scripts\;C:\Users\asmit\AppData\Local\Programs\Python\Python37\;C:\Users\asmit\AppData\Local\Microsoft\WindowsApps;C:\Program Files\JetBrains\PyCharm 2019.1.3\bin;C:\Users\asmit\AppData\Roaming\npm;C:\Users\asmit\AppData\Local\GitHubDesktop\bin;C:\Program Files\JetBrains\PyCharm 2019.2.3\bin;;C:\Program Files\JetBrains\CLion 2019.3\bin;;C:\Program Files\JetBrains\WebStorm 2019.3.1\bin;;C:\Users\asmit\go\bin;C:\Users\asmit\AppData\Local\Programs\Microsoft VS Code\bin;C:\Program Files\JetBrains\IntelliJ IDEA Community Edition 2020.2.3\bin;;C:\Gradle\gradle-6.6\bin;
USERNAME=asmit
OS=Windows_NT
PROCESSOR_IDENTIFIER=Intel64 Family 6 Model 142 Stepping 11, GenuineIntel



---------------  S Y S T E M  ---------------

OS: Windows 10.0 , 64 bit Build 18362 (10.0.18362.1110)

CPU:total 8 (initial active 8) (4 cores per cpu, 2 threads per core) family 6 model 142 stepping 11, cmov, cx8, fxsr, mmx, sse, sse2, sse3, ssse3, sse4.1, sse4.2, popcnt, avx, avx2, aes, clmul, erms, 3dnowpref, lzcnt, ht, tsc, tscinvbit, bmi1, bmi2, adx

Memory: 4k page, physical 8191640k(1530232k free), swap 27066008k(16681456k free)

vm_info: Java HotSpot(TM) 64-Bit Server VM (25.144-b01) for windows-amd64 JRE (1.8.0_144-b01), built on Jul 21 2017 21:57:33 by "java_re" with MS VC++ 10.0 (VS2010)

time: Wed Nov 04 12:24:16 2020
elapsed time: 309 seconds (0d 0h 5m 9s)

